This is pdfTeX, Version 3.141592653-2.6-1.40.25 (TeX Live 2023/Debian) (preloaded format=pdfetex 2024.9.22)  23 APR 2025 16:20
entering extended mode
 restricted \write18 enabled.
 file:line:error style messages enabled.
 %&-line parsing enabled.
**\input ./geomview.texi \input ./geomview.texi
(./geomview.texi (/usr/share/texmf/tex/texinfo/texinfo.tex
Loading texinfo [version 2023-09-19.19]:
\bindingoffset=\dimen16
\normaloffset=\dimen17
\txipagewidth=\dimen18
\txipageheight=\dimen19
\defaultoutput=\toks13
\headlinebox=\box16
\footlinebox=\box17
\savedtopmark=\toks14
\margin=\insert252
\EMsimple=\toks15
\groupbox=\box18
\groupinvalidhelp=\toks16
\mil=\dimen20
\exdentamount=\skip18
\inmarginspacing=\skip19
\centerpenalty=\count27
 pdf,
\tempnum=\count28
\lnkcount=\count29
\filename=\toks17
\filenamelength=\count30
\pgn=\count31
\toksA=\toks18
\toksB=\toks19
\toksC=\toks20
\toksD=\toks21
\boxA=\box19
\boxB=\box20
\countA=\count32
\pagecount=\count33
\romancount=\count34
\arabiccount=\count35
\contentsendcount=\count36
\nopdfimagehelp=\toks22
 fonts,
\textleading=\dimen21
\sffam=\fam8
\fontdepth=\count37
 glyphs,
\errorbox=\box21
 page headings,
\titlepagetopglue=\skip20
\titlepagebottomglue=\skip21
\evenheadline=\toks23
\oddheadline=\toks24
\evenchapheadline=\toks25
\oddchapheadline=\toks26
\evenfootline=\toks27
\oddfootline=\toks28

tables,
\tableindent=\dimen22
\itemindent=\dimen23
\itemmargin=\dimen24
\itemmax=\dimen25
\itemno=\count38
\colcount=\count39
\everytab=\toks29
 conditionals,
\doignorecount=\count40
 indexing,
\dummybox=\box22
\whatsitskip=\skip22
\whatsitpenalty=\count41
\entryrightmargin=\dimen26
\entrycontskip=\dimen27
\thinshrinkable=\skip23
\partialpage=\box23
\doublecolumnhsize=\dimen28
\balancedcolumns=\box24
 sectioning,
\unnumberedno=\count42
\chapno=\count43
\secno=\count44
\subsecno=\count45
\subsubsecno=\count46
\appendixno=\count47
\absseclevel=\count48
\secbase=\count49
\chapheadingskip=\skip24
\secheadingskip=\skip25
\subsecheadingskip=\skip26
 toc,
\tocfile=\write0
\curchapmax=\dimen29
\cursecmax=\dimen30
\curssecmax=\dimen31
\secnowidthchap=\dimen32
\secnowidthsec=\dimen33
\secnowidthssec=\dimen34
\contentsrightmargin=\skip27
\savepageno=\count50
\lastnegativepageno=\count51
\tocindent=\dimen35
\secnowidth=\dimen36
\extrasecnoskip=\dimen37
\labelspace=\dimen38
 environments,
\lispnarrowing=\skip28
\envskipamount=\skip29
\lskip=\skip30
\rskip=\skip31
\circthick=\dimen39
\cartouter=\dimen40
\cartinner=\dimen41
\normbskip=\skip32
\normpskip=\skip33
\normlskip=\skip34
\nonfillparindent=\dimen42
\tabw=\dimen43
\verbbox=\box25
 defuns,
\defbodyindent=\skip35
\defargsindent=\skip36
\deflastargmargin=\skip37
\defunpenalty=\count52
\parencount=\count53
\brackcount=\count54
 macros,
\paramno=\count55
\macname=\toks30

cross references,
\auxfile=\write1
\savesfregister=\count56
\toprefbox=\box26
\printedrefnamebox=\box27
\infofilenamebox=\box28
\printedmanualbox=\box29
 insertions,
\footnoteno=\count57
\SAVEfootins=\box30
\SAVEmargin=\box31

(/usr/share/texlive/texmf-dist/tex/generic/epsf/epsf.tex
This is `epsf.tex' v2.7.4 <14 February 2011>
\epsffilein=\read1
\epsfframemargin=\dimen44
\epsfframethickness=\dimen45
\epsfrsize=\dimen46
\epsftmp=\dimen47
\epsftsize=\dimen48
\epsfxsize=\dimen49
\epsfysize=\dimen50
\pspoints=\dimen51
)
\noepsfhelp=\toks31
\capheight=\dimen52
 localization,
\nolanghelp=\toks32
\countUTFx=\count58
\countUTFy=\count59
\countUTFz=\count60
 formatting,
\defaultparindent=\dimen53
 microtype,
\countC=\count61
\countB=\count62
 and turning on texinfo input format.)
texinfo.tex: doing @include of version.texi


(/home/kfp/devel/geomview/doc/version.texi) [1{/var/lib/texmf/fonts/map/pdftex/
updmap/pdftex.map}] (Introduction to Geomview)
\openout0 = `geomview.toc'.


(/home/kfp/devel/geomview/doc/geomview.aux)
\openout1 = `geomview.aux'.

 (Distribution) [1] (Copying)
[2] (GNU LESSER PUBLIC LICENSE) [3] [4] [5] [6] [7] [8] [9] [10] [11]
(History of Geomview's Development) [12] (Supported Platforms) [13]
l.770: Undefined cross reference `Contributing-snt'.
l.770: Undefined cross reference `Contributing-snt'.
l.770: Undefined cross reference `Contributing-pg'.
(How to Pronounce ``Geomview``) [14] Chapter 1 [15] Chapter 2 [16]
@Figurefloatno=@count63

./geomview.texi:890: Could not find image file figs/initial for pdf.
@dopdfimage ...uld not find image file #1 for pdf}
                                                  @else @gdef @pdfimgext {JP...

@imagexxx ...t @fi @ifpdf @dopdfimage {#1}{#2}{#3}
                                                  @else @ifx @XeTeXrevision ...

@@image:impl ...fi @else @imagexxx #1,,,,,@finish 
                                                  @fi 
l.890 @image{figs/initial}
                          
? 
./geomview.texi:890: Emergency stop.
@dopdfimage ...uld not find image file #1 for pdf}
                                                  @else @gdef @pdfimgext {JP...

@imagexxx ...t @fi @ifpdf @dopdfimage {#1}{#2}{#3}
                                                  @else @ifx @XeTeXrevision ...

@@image:impl ...fi @else @imagexxx #1,,,,,@finish 
                                                  @fi 
l.890 @image{figs/initial}
                          
@Texinfo supports .png, .jpg, .jpeg, and .pdf images with PDF output, and none 
of those formats could be found. (.eps cannot be supported due to the design of
 the PDF format; use regular TeX (DVI output) for that.) 

./geomview.texi:890:  ==> Fatal error occurred, no output PDF file produced!
